<?xml version="1.0" encoding="UTF-8"?>
<!-- Generated by org.testng.reporters.JUnitXMLReporter -->
<testsuite ignored="0" hostname="SubhMadhu" failures="0" tests="5" name="Test" time="0.091" errors="0" timestamp="2024-03-22T13:33:35 IST">
  <testcase classname="Maven2.NewTest" name="f3" time="0.007"/>
  <testcase classname="Maven2.NewTest" name="f2" time="0.003"/>
  <testcase classname="Maven2.NewTest" name="f" time="0.002"/>
  <testcase classname="Maven2.NewTest3" name="f" time="0.003"/>
  <testcase classname="Maven2.NewTest3" name="f2" time="0.002"/>
</testsuite> <!-- Test -->
