<?xml version="1.0" encoding="UTF-8"?>
<!-- Generated by org.testng.reporters.JUnitXMLReporter -->
<testsuite ignored="1" hostname="SubhMadhu" failures="0" tests="3" name="Test" time="0.073" errors="0" timestamp="2024-03-22T14:21:58 IST">
  <testcase classname="Maven2.TestGroups" name="method" time="0.013"/>
  <testcase classname="Maven2.TestGroups" name="method2" time="0.001"/>
  <testcase classname="Maven2.TestGroups" name="method3" time="0.001"/>
  <testcase classname="Maven2.TestGroups" name="method1" time="0.0">
    <ignored/>
  </testcase> <!-- method1 -->
</testsuite> <!-- Test -->
