<?xml version="1.0" encoding="UTF-8"?>
<testng-results ignored="0" total="1" passed="1" failed="0" skipped="0">
  <reporter-output>
  </reporter-output>
  <suite started-at="2024-05-26T16:33:15 IST" name="Default suite" finished-at="2024-05-26T16:33:15 IST" duration-ms="612">
    <groups>
    </groups>
    <test started-at="2024-05-26T16:33:15 IST" name="Default test" finished-at="2024-05-26T16:33:15 IST" duration-ms="612">
      <class name="dabaseConnectivity.CoonectMySQL">
        <test-method signature="testdb()[pri:0, instance:dabaseConnectivity.CoonectMySQL@2e6a8155]" started-at="2024-05-26T16:33:15 IST" name="testdb" finished-at="2024-05-26T16:33:15 IST" duration-ms="577" status="PASS">
          <reporter-output>
          </reporter-output>
        </test-method> <!-- testdb -->
      </class> <!-- dabaseConnectivity.CoonectMySQL -->
    </test> <!-- Default test -->
  </suite> <!-- Default suite -->
</testng-results>
